<?xml version="1.0" encoding="UTF-8"?>
<!-- Generated by org.testng.reporters.JUnitReportReporter -->
<testsuite hostname="LAPTOP-OCI7S8VS" failures="0" tests="1" name="test.LoginTest" time="5.327" errors="0" timestamp="2025-02-15T16:36:13 IST" skipped="0">
  <testcase classname="test.LoginTest" name="LoginWithValidCredentials" time="5.327"/>
  <system-out/>
</testsuite> <!-- test.LoginTest -->
