<?xml version="1.0" encoding="UTF-8"?>
<!-- Generated by org.testng.reporters.JUnitReportReporter -->
<testsuite hostname="LAPTOP-OCI7S8VS" failures="0" tests="2" name="test.RegisterTest" time="16.986" errors="0" timestamp="2025-02-15T23:18:22 IST" skipped="1">
  <testcase classname="test.RegisterTest" name="RegisterWithMandatoryFields" time="16.986"/>
  <system-out/>
  <testcase classname="test.RegisterTest" name="RegisterWithMandatoryFields_NegativeTC">
    <skipped/>
  </testcase> <!-- RegisterWithMandatoryFields_NegativeTC -->
  <system-out/>
</testsuite> <!-- test.RegisterTest -->
